<?xml version="1.0" encoding="UTF-8"?>
<testsuite name="com.example.aiservice.AiServiceApplicationTests" tests="1" skipped="0" failures="0" errors="0" timestamp="2026-03-26T07:22:06" hostname="runnervmrg6be" time="0.422">
  <properties/>
  <testcase name="contextLoads()" classname="com.example.aiservice.AiServiceApplicationTests" time="0.422"/>
  <system-out><![CDATA[07:22:02.370 [Test worker] INFO org.springframework.test.context.support.AnnotationConfigContextLoaderUtils -- Could not detect default configuration classes for test class [com.example.aiservice.AiServiceApplicationTests]: AiServiceApplicationTests does not declare any static, non-private, non-final, nested classes annotated with @Configuration.
07:22:02.453 [Test worker] INFO org.springframework.boot.test.context.SpringBootTestContextBootstrapper -- Found @SpringBootConfiguration com.example.aiservice.AiServiceApplication for test class com.example.aiservice.AiServiceApplicationTests

  .   ____          _            __ _ _
 /\\ / ___'_ __ _ _(_)_ __  __ _ \ \ \ \
( ( )\___ | '_ | '_| | '_ \/ _` | \ \ \ \
 \\/  ___)| |_)| | | | | || (_| |  ) ) ) )
  '  |____| .__|_| |_|_| |_\__, | / / / /
 =========|_|==============|___/=/_/_/_/

 :: Spring Boot ::                (v3.4.0)

2026-03-26T07:22:02.795Z  INFO 5788 --- [my-ai-service] [    Test worker] c.e.aiservice.AiServiceApplicationTests  : Starting AiServiceApplicationTests using Java 21.0.10 with PID 5788 (started by runner in /home/runner/work/my-ai-service/my-ai-service)
2026-03-26T07:22:02.797Z  INFO 5788 --- [my-ai-service] [    Test worker] c.e.aiservice.AiServiceApplicationTests  : No active profile set, falling back to 1 default profile: "default"
2026-03-26T07:22:03.478Z  INFO 5788 --- [my-ai-service] [    Test worker] .s.d.r.c.RepositoryConfigurationDelegate : Bootstrapping Spring Data JPA repositories in DEFAULT mode.
2026-03-26T07:22:03.528Z  INFO 5788 --- [my-ai-service] [    Test worker] .s.d.r.c.RepositoryConfigurationDelegate : Finished Spring Data repository scanning in 42 ms. Found 3 JPA repository interfaces.
2026-03-26T07:22:04.038Z  INFO 5788 --- [my-ai-service] [    Test worker] o.hibernate.jpa.internal.util.LogHelper  : HHH000204: Processing PersistenceUnitInfo [name: default]
2026-03-26T07:22:04.083Z  INFO 5788 --- [my-ai-service] [    Test worker] org.hibernate.Version                    : HHH000412: Hibernate ORM core version 6.6.2.Final
2026-03-26T07:22:04.119Z  INFO 5788 --- [my-ai-service] [    Test worker] o.h.c.internal.RegionFactoryInitiator    : HHH000026: Second-level cache disabled
2026-03-26T07:22:04.318Z  INFO 5788 --- [my-ai-service] [    Test worker] o.s.o.j.p.SpringPersistenceUnitInfo      : No LoadTimeWeaver setup: ignoring JPA class transformer
2026-03-26T07:22:04.342Z  INFO 5788 --- [my-ai-service] [    Test worker] com.zaxxer.hikari.HikariDataSource       : HikariPool-1 - Starting...
2026-03-26T07:22:04.490Z  INFO 5788 --- [my-ai-service] [    Test worker] com.zaxxer.hikari.pool.HikariPool        : HikariPool-1 - Added connection conn0: url=jdbc:h2:mem:aiservicedb user=SA
2026-03-26T07:22:04.492Z  INFO 5788 --- [my-ai-service] [    Test worker] com.zaxxer.hikari.HikariDataSource       : HikariPool-1 - Start completed.
2026-03-26T07:22:04.514Z  WARN 5788 --- [my-ai-service] [    Test worker] org.hibernate.orm.deprecation            : HHH90000025: H2Dialect does not need to be specified explicitly using 'hibernate.dialect' (remove the property setting and it will be selected by default)
2026-03-26T07:22:04.534Z  INFO 5788 --- [my-ai-service] [    Test worker] org.hibernate.orm.connections.pooling    : HHH10001005: Database info:
	Database JDBC URL [Connecting through datasource 'HikariDataSource (HikariPool-1)']
	Database driver: undefined/unknown
	Database version: 2.3.232
	Autocommit mode: undefined/unknown
	Isolation level: undefined/unknown
	Minimum pool size: undefined/unknown
	Maximum pool size: undefined/unknown
2026-03-26T07:22:05.233Z  INFO 5788 --- [my-ai-service] [    Test worker] o.h.e.t.j.p.i.JtaPlatformInitiator       : HHH000489: No JTA platform available (set 'hibernate.transaction.jta.platform' to enable JTA platform integration)
Hibernate: drop table if exists prediction_results cascade 
Hibernate: drop table if exists ultrasound_images cascade 
Hibernate: drop table if exists users cascade 
Hibernate: create table prediction_results (confidence_score float(53) not null, analyzed_at timestamp(6) not null, id bigint generated by default as identity, ultrasound_image_id bigint not null unique, predicted_gender varchar(255) not null, primary key (id))
Hibernate: create table ultrasound_images (file_size bigint not null, id bigint generated by default as identity, uploaded_at timestamp(6) not null, user_id bigint not null, content_type varchar(255) not null, original_file_name varchar(255) not null, primary key (id))
Hibernate: create table users (created_at timestamp(6) not null, id bigint generated by default as identity, email varchar(255) not null unique, password varchar(255) not null, role varchar(255) not null, username varchar(255) not null unique, primary key (id))
Hibernate: alter table if exists prediction_results add constraint FKd0ch233e5mexvrb6c2s37epvb foreign key (ultrasound_image_id) references ultrasound_images
Hibernate: alter table if exists ultrasound_images add constraint FKsfqw2tmp3aj6uboqbglwwj2kf foreign key (user_id) references users
2026-03-26T07:22:05.279Z  INFO 5788 --- [my-ai-service] [    Test worker] j.LocalContainerEntityManagerFactoryBean : Initialized JPA EntityManagerFactory for persistence unit 'default'
2026-03-26T07:22:05.629Z  WARN 5788 --- [my-ai-service] [    Test worker] JpaBaseConfiguration$JpaWebConfiguration : spring.jpa.open-in-view is enabled by default. Therefore, database queries may be performed during view rendering. Explicitly configure spring.jpa.open-in-view to disable this warning
2026-03-26T07:22:05.662Z  INFO 5788 --- [my-ai-service] [    Test worker] eAuthenticationProviderManagerConfigurer : Global AuthenticationManager configured with AuthenticationProvider bean with name authenticationProvider
2026-03-26T07:22:05.663Z  WARN 5788 --- [my-ai-service] [    Test worker] r$InitializeUserDetailsManagerConfigurer : Global AuthenticationManager configured with an AuthenticationProvider bean. UserDetailsService beans will not be used by Spring Security for automatically configuring username/password login. Consider removing the AuthenticationProvider bean. Alternatively, consider using the UserDetailsService in a manually instantiated DaoAuthenticationProvider. If the current configuration is intentional, to turn off this warning, increase the logging level of 'org.springframework.security.config.annotation.authentication.configuration.InitializeUserDetailsBeanManagerConfigurer' to ERROR
2026-03-26T07:22:06.165Z  INFO 5788 --- [my-ai-service] [    Test worker] o.s.b.a.h2.H2ConsoleAutoConfiguration    : H2 console available at '/h2-console'. Database available at 'jdbc:h2:mem:aiservicedb'
2026-03-26T07:22:06.238Z  INFO 5788 --- [my-ai-service] [    Test worker] c.e.aiservice.AiServiceApplicationTests  : Started AiServiceApplicationTests in 3.679 seconds (process running for 4.564)
]]></system-out>
  <system-err><![CDATA[Mockito is currently self-attaching to enable the inline-mock-maker. This will no longer work in future releases of the JDK. Please add Mockito as an agent to your build what is described in Mockito's documentation: https://javadoc.io/doc/org.mockito/mockito-core/latest/org/mockito/Mockito.html#0.3
WARNING: A Java agent has been loaded dynamically (/home/runner/.gradle/caches/modules-2/files-2.1/net.bytebuddy/byte-buddy-agent/1.15.10/e8eb255b2c378b9a6c7341e7b0e12f0a5636377/byte-buddy-agent-1.15.10.jar)
WARNING: If a serviceability tool is in use, please run with -XX:+EnableDynamicAgentLoading to hide this warning
WARNING: If a serviceability tool is not in use, please run with -Djdk.instrument.traceUsage for more information
WARNING: Dynamic loading of agents will be disallowed by default in a future release
]]></system-err>
</testsuite>
